Using pre-set license
Built from '2021.3/staging' branch; Version is '2021.3.35f1 (157b46ce122a) revision 1407814'; Using compiler version '192829333'; Build Type 'Release'
OS: 'Windows 10  (10.0.19045) 64bit Enterprise' Language: 'en' Physical Memory: 15724 MB
BatchMode: 1, IsHumanControllingUs: 0, StartBugReporterOnCrash: 0, Is64bit: 1, IsPro: 1

COMMAND LINE ARGUMENTS:
D:\Programlar\Unity Versions\Unity 2021.3.35f1\Editor\Unity.exe
-adb2
-batchMode
-noUpm
-name
AssetImportWorker2
-projectPath
D:/Programlar/Unity Projects/hw1
-logFile
Logs/AssetImportWorker2.log
-srvPort
64747
Successfully changed project path to: D:/Programlar/Unity Projects/hw1
D:/Programlar/Unity Projects/hw1
[UnityMemory] Configuration Parameters - Can be set up in boot.config
    "memorysetup-bucket-allocator-granularity=16"
    "memorysetup-bucket-allocator-bucket-count=8"
    "memorysetup-bucket-allocator-block-size=33554432"
    "memorysetup-bucket-allocator-block-count=8"
    "memorysetup-main-allocator-block-size=16777216"
    "memorysetup-thread-allocator-block-size=16777216"
    "memorysetup-gfx-main-allocator-block-size=16777216"
    "memorysetup-gfx-thread-allocator-block-size=16777216"
    "memorysetup-cache-allocator-block-size=4194304"
    "memorysetup-typetree-allocator-block-size=2097152"
    "memorysetup-profiler-bucket-allocator-granularity=16"
    "memorysetup-profiler-bucket-allocator-bucket-count=8"
    "memorysetup-profiler-bucket-allocator-block-size=33554432"
    "memorysetup-profiler-bucket-allocator-block-count=8"
    "memorysetup-profiler-allocator-block-size=16777216"
    "memorysetup-profiler-editor-allocator-block-size=1048576"
    "memorysetup-temp-allocator-size-main=16777216"
    "memorysetup-job-temp-allocator-block-size=2097152"
    "memorysetup-job-temp-allocator-block-size-background=1048576"
    "memorysetup-job-temp-allocator-reduction-small-platforms=262144"
    "memorysetup-temp-allocator-size-background-worker=32768"
    "memorysetup-temp-allocator-size-job-worker=262144"
    "memorysetup-temp-allocator-size-preload-manager=33554432"
    "memorysetup-temp-allocator-size-nav-mesh-worker=65536"
    "memorysetup-temp-allocator-size-audio-worker=65536"
    "memorysetup-temp-allocator-size-cloud-worker=32768"
    "memorysetup-temp-allocator-size-gi-baking-worker=262144"
    "memorysetup-temp-allocator-size-gfx=262144"
Player connection [28424] Host "[IP] 172.18.80.1 [Port] 0 [Flags] 2 [Guid] 1129003535 [EditorId] 1129003535 [Version] 1048832 [Id] WindowsEditor(7,DESKTOP-BBHSBMH) [Debug] 1 [PackageName] WindowsEditor [ProjectName] Editor" joined multi-casting on [225.0.0.222:54997]...

Player connection [28424] Host "[IP] 172.18.80.1 [Port] 0 [Flags] 2 [Guid] 1129003535 [EditorId] 1129003535 [Version] 1048832 [Id] WindowsEditor(7,DESKTOP-BBHSBMH) [Debug] 1 [PackageName] WindowsEditor [ProjectName] Editor" joined alternative multi-casting on [225.0.0.222:34997]...

[Physics::Module] Initialized MultithreadedJobDispatcher with {0} workers.
Refreshing native plugins compatible for Editor in 71.14 ms, found 3 plugins.
Preloading 0 native plugins for Editor in 0.00 ms.
Initialize engine version: 2021.3.35f1 (157b46ce122a)
[Subsystems] Discovering subsystems at path D:/Programlar/Unity Versions/Unity 2021.3.35f1/Editor/Data/Resources/UnitySubsystems
[Subsystems] Discovering subsystems at path D:/Programlar/Unity Projects/hw1/Assets
GfxDevice: creating device client; threaded=0; jobified=0
Direct3D:
    Version:  Direct3D 11.0 [level 11.1]
    Renderer: NVIDIA GeForce RTX 3070 Laptop GPU (ID=0x249d)
    Vendor:   NVIDIA
    VRAM:     8020 MB
    Driver:   31.0.15.5222
Initialize mono
Mono path[0] = 'D:/Programlar/Unity Versions/Unity 2021.3.35f1/Editor/Data/Managed'
Mono path[1] = 'D:/Programlar/Unity Versions/Unity 2021.3.35f1/Editor/Data/MonoBleedingEdge/lib/mono/unityjit-win32'
Mono config path = 'D:/Programlar/Unity Versions/Unity 2021.3.35f1/Editor/Data/MonoBleedingEdge/etc'
Using monoOptions --debugger-agent=transport=dt_socket,embedding=1,server=y,suspend=n,address=127.0.0.1:56844
Begin MonoManager ReloadAssembly
Registering precompiled unity dll's ...
Register platform support module: D:/Programlar/Unity Versions/Unity 2021.3.35f1/Editor/Data/PlaybackEngines/WindowsStandaloneSupport/UnityEditor.WindowsStandalone.Extensions.dll
Registered in 0.002700 seconds.
Native extension for WindowsStandalone target not found
Refreshing native plugins compatible for Editor in 53.87 ms, found 3 plugins.
Preloading 0 native plugins for Editor in 0.00 ms.
Mono: successfully reloaded assembly
- Completed reload, in  0.848 seconds
Domain Reload Profiling:
	ReloadAssembly (848ms)
		BeginReloadAssembly (123ms)
			ExecutionOrderSort (0ms)
			DisableScriptedObjects (0ms)
			BackupInstance (0ms)
			ReleaseScriptingObjects (0ms)
			CreateAndSetChildDomain (1ms)
		EndReloadAssembly (522ms)
			LoadAssemblies (123ms)
			RebuildTransferFunctionScriptingTraits (0ms)
			SetupTypeCache (238ms)
			ReleaseScriptCaches (0ms)
			RebuildScriptCaches (24ms)
			SetupLoadedEditorAssemblies (227ms)
				LogAssemblyErrors (0ms)
				InitializePlatformSupportModulesInManaged (6ms)
				SetLoadedEditorAssemblies (0ms)
				RefreshPlugins (54ms)
				BeforeProcessingInitializeOnLoad (1ms)
				ProcessInitializeOnLoadAttributes (117ms)
				ProcessInitializeOnLoadMethodAttributes (49ms)
				AfterProcessingInitializeOnLoad (0ms)
				EditorAssembliesLoaded (0ms)
			ExecutionOrderSort2 (0ms)
			AwakeInstancesAfterBackupRestoration (0ms)
Platform modules already initialized, skipping
Registering precompiled user dll's ...
Registered in 0.004867 seconds.
Begin MonoManager ReloadAssembly
Native extension for WindowsStandalone target not found
Refreshing native plugins compatible for Editor in 0.59 ms, found 3 plugins.
Preloading 0 native plugins for Editor in 0.00 ms.
Package Manager log level set to [2]
[Package Manager] Server::EnsureServerProcessIsRunning -- launch failed, reason: Unity was launched with the -noUpm command-line argument
[Package Manager] Cannot connect to Unity Package Manager local server
Mono: successfully reloaded assembly
- Completed reload, in  1.530 seconds
Domain Reload Profiling:
	ReloadAssembly (1531ms)
		BeginReloadAssembly (170ms)
			ExecutionOrderSort (0ms)
			DisableScriptedObjects (6ms)
			BackupInstance (0ms)
			ReleaseScriptingObjects (0ms)
			CreateAndSetChildDomain (27ms)
		EndReloadAssembly (1256ms)
			LoadAssemblies (143ms)
			RebuildTransferFunctionScriptingTraits (0ms)
			SetupTypeCache (371ms)
			ReleaseScriptCaches (1ms)
			RebuildScriptCaches (53ms)
			SetupLoadedEditorAssemblies (707ms)
				LogAssemblyErrors (0ms)
				InitializePlatformSupportModulesInManaged (5ms)
				SetLoadedEditorAssemblies (1ms)
				RefreshPlugins (1ms)
				BeforeProcessingInitializeOnLoad (69ms)
				ProcessInitializeOnLoadAttributes (604ms)
				ProcessInitializeOnLoadMethodAttributes (25ms)
				AfterProcessingInitializeOnLoad (3ms)
				EditorAssembliesLoaded (0ms)
			ExecutionOrderSort2 (0ms)
			AwakeInstancesAfterBackupRestoration (5ms)
Platform modules already initialized, skipping
========================================================================
Worker process is ready to serve import requests
Launched and connected shader compiler UnityShaderCompiler.exe after 0.06 seconds
Refreshing native plugins compatible for Editor in 1.30 ms, found 3 plugins.
Preloading 0 native plugins for Editor in 0.00 ms.
Unloading 3070 Unused Serialized files (Serialized files now loaded: 0)
Unloading 23 unused Assets / (46.6 KB). Loaded Objects now: 3548.
Memory consumption went from 120.9 MB to 120.9 MB.
Total: 7.516900 ms (FindLiveObjects: 1.041400 ms CreateObjectMapping: 0.438300 ms MarkObjects: 5.902500 ms  DeleteObjects: 0.133100 ms)

AssetImportParameters requested are different than current active one (requested -> active):
  custom:video-decoder-ogg-theora: a1e56fd34408186e4bbccfd4996cb3dc -> 
  custom:container-muxer-webm: aa71ff27fc2769a1b78a27578f13a17b -> 
  custom:container-demuxer-webm: 4f35f7cbe854078d1ac9338744f61a02 -> 
  custom:video-encoder-webm-vp8: eb34c28f22e8b96e1ab97ce403110664 -> 
  custom:CustomObjectIndexerAttribute: bc11b3a6c3213fcdd17b65e7da85e133 -> 
  custom:audio-encoder-webm-vorbis: bf7c407c2cedff20999df2af8eb42d56 -> 
  custom:framework-win-MediaFoundation: 216162199b28c13a410421893ffa2e32 -> 
  custom:SearchIndexIgnoredProperties: e643bd26f0fe6173181afceb89e7c659 -> 
  custom:container-demuxer-ogg: 62fdf1f143b41e24485cea50d1cbac27 -> 
  custom:video-decoder-webm-vp8: 9c59270c3fd7afecdb556c50c9e8de78 -> 
  custom:audio-decoder-ogg-vorbis: bf7c407c2cedff20999df2af8eb42d56 -> 
========================================================================
Received Import Request.
  Time since last request: 255811.531742 seconds.
  path: Assets/FreeSportsKIt_SA/Materials/TennisBat.mat
  artifactKey: Guid(1723b205300d6684db8ea92aa54b7a17) Importer(815301076,1909f56bfc062723c751e8b465ee728b)
Number of updated assets reloaded before import = 0
Start importing Assets/FreeSportsKIt_SA/Materials/TennisBat.mat using Guid(1723b205300d6684db8ea92aa54b7a17) Importer(815301076,1909f56bfc062723c751e8b465ee728b)  -> (artifact id: '6c131f9e4ff6263a4742a29791d0005e') in 0.407702 seconds 
Number of asset objects unloaded after import = 5
========================================================================
Received Import Request.
  Time since last request: 6.837720 seconds.
  path: Assets/FreeSportsKIt_SA/Models/Cricket_bat.fbx
  artifactKey: Guid(1ebb823dc6902ce44bf3e7df23c471ec) Importer(815301076,1909f56bfc062723c751e8b465ee728b)
Number of updated assets reloaded before import = 0
Start importing Assets/FreeSportsKIt_SA/Models/Cricket_bat.fbx using Guid(1ebb823dc6902ce44bf3e7df23c471ec) Importer(815301076,1909f56bfc062723c751e8b465ee728b)  -> (artifact id: 'ce6b00f2f8c5f6bab89153e10d7e733c') in 0.112651 seconds 
Number of asset objects unloaded after import = 21
========================================================================
Received Import Request.
  Time since last request: 0.000030 seconds.
  path: Assets/FreeSportsKIt_SA/Models/tennis_net2.fbx
  artifactKey: Guid(1dc2d20dbc499bf489fa970ea2a5d5f2) Importer(815301076,1909f56bfc062723c751e8b465ee728b)
Number of updated assets reloaded before import = 0
Start importing Assets/FreeSportsKIt_SA/Models/tennis_net2.fbx using Guid(1dc2d20dbc499bf489fa970ea2a5d5f2) Importer(815301076,1909f56bfc062723c751e8b465ee728b)  -> (artifact id: '247f4b0569430a716ccec261d2bcafc8') in 0.054854 seconds 
Number of asset objects unloaded after import = 32
========================================================================
Received Import Request.
  Time since last request: 0.000027 seconds.
  path: Assets/FreeSportsKIt_SA/Models/tennis_ball.fbx
  artifactKey: Guid(52ebe1dda50bad8498b7c88282683817) Importer(815301076,1909f56bfc062723c751e8b465ee728b)
Number of updated assets reloaded before import = 0
Start importing Assets/FreeSportsKIt_SA/Models/tennis_ball.fbx using Guid(52ebe1dda50bad8498b7c88282683817) Importer(815301076,1909f56bfc062723c751e8b465ee728b)  -> (artifact id: '2ead97299bf372129d4ddccef2355dd8') in 0.037229 seconds 
Number of asset objects unloaded after import = 10
========================================================================
Received Import Request.
  Time since last request: 0.675079 seconds.
  path: Assets/FreeSportsKIt_SA/Prefabs/Golf_ball_LowPOly.prefab
  artifactKey: Guid(bdba71f8878efa74ebea7bdbd9308589) Importer(815301076,1909f56bfc062723c751e8b465ee728b)
Number of updated assets reloaded before import = 0
Start importing Assets/FreeSportsKIt_SA/Prefabs/Golf_ball_LowPOly.prefab using Guid(bdba71f8878efa74ebea7bdbd9308589) Importer(815301076,1909f56bfc062723c751e8b465ee728b)  -> (artifact id: 'c582ae9f0d974278f9a462a5c84981ed') in 0.197302 seconds 
Number of asset objects unloaded after import = 12
========================================================================
Received Import Request.
  Time since last request: 0.000023 seconds.
  path: Assets/FreeSportsKIt_SA/Prefabs/tennis_net2.prefab
  artifactKey: Guid(d91cc4490d89879468a73f7eaa62f753) Importer(815301076,1909f56bfc062723c751e8b465ee728b)
Number of updated assets reloaded before import = 0
Start importing Assets/FreeSportsKIt_SA/Prefabs/tennis_net2.prefab using Guid(d91cc4490d89879468a73f7eaa62f753) Importer(815301076,1909f56bfc062723c751e8b465ee728b)  -> (artifact id: 'a2e4318ba36aaa2a23426c35e82263b7') in 0.266671 seconds 
Number of asset objects unloaded after import = 37
========================================================================
Received Import Request.
  Time since last request: 19.470070 seconds.
  path: Assets/FreeSportsKIt_SA/Models/Cricket_ball.fbx
  artifactKey: Guid(743c9bd594a3d0c44a807e5cd407b3f4) Importer(815301076,1909f56bfc062723c751e8b465ee728b)
Number of updated assets reloaded before import = 0
Start importing Assets/FreeSportsKIt_SA/Models/Cricket_ball.fbx using Guid(743c9bd594a3d0c44a807e5cd407b3f4) Importer(815301076,1909f56bfc062723c751e8b465ee728b)  -> (artifact id: 'dac4f0ccdd12321b30945c31d156581e') in 0.021044 seconds 
Number of asset objects unloaded after import = 8
========================================================================
Received Import Request.
  Time since last request: 0.279764 seconds.
  path: Assets/FreeSportsKIt_SA/Models/basketBall_mdl.fbx
  artifactKey: Guid(89b6fea1573f0a643a3de28f472d39c3) Importer(815301076,1909f56bfc062723c751e8b465ee728b)
Number of updated assets reloaded before import = 0
Start importing Assets/FreeSportsKIt_SA/Models/basketBall_mdl.fbx using Guid(89b6fea1573f0a643a3de28f472d39c3) Importer(815301076,1909f56bfc062723c751e8b465ee728b)  -> (artifact id: 'c095ca619db4420c9bc3e65a0eb754e7') in 0.016851 seconds 
Number of asset objects unloaded after import = 8
========================================================================
Received Import Request.
  Time since last request: 0.035625 seconds.
  path: Assets/FreeSportsKIt_SA/Models/ball_HighPOly.fbx
  artifactKey: Guid(90fbadbc9ffbb274c9505108a3480f3f) Importer(815301076,1909f56bfc062723c751e8b465ee728b)
Number of updated assets reloaded before import = 0
Start importing Assets/FreeSportsKIt_SA/Models/ball_HighPOly.fbx using Guid(90fbadbc9ffbb274c9505108a3480f3f) Importer(815301076,1909f56bfc062723c751e8b465ee728b)  -> (artifact id: '2db5ec3112ac351f70b42882c7aec6d1') in 0.021616 seconds 
Number of asset objects unloaded after import = 8
========================================================================
Received Import Request.
  Time since last request: 8.207606 seconds.
  path: Assets/FreeSportsKIt_SA/Textures/basketBall_textures
  artifactKey: Guid(62551c5634e2d2b4a8c4b27326b1ac0c) Importer(815301076,1909f56bfc062723c751e8b465ee728b)
Number of updated assets reloaded before import = 0
Start importing Assets/FreeSportsKIt_SA/Textures/basketBall_textures using Guid(62551c5634e2d2b4a8c4b27326b1ac0c) Importer(815301076,1909f56bfc062723c751e8b465ee728b)  -> (artifact id: '387c792b40fedb4e9ce91cbc0c6958dc') in 0.001913 seconds 
Number of asset objects unloaded after import = 0
========================================================================
Received Import Request.
  Time since last request: 1.480358 seconds.
  path: Assets/FreeSportsKIt_SA/Textures/Cricket_Ball_textures
  artifactKey: Guid(2b41881b4f3aae647ad268661b5c7b22) Importer(815301076,1909f56bfc062723c751e8b465ee728b)
Number of updated assets reloaded before import = 0
Start importing Assets/FreeSportsKIt_SA/Textures/Cricket_Ball_textures using Guid(2b41881b4f3aae647ad268661b5c7b22) Importer(815301076,1909f56bfc062723c751e8b465ee728b)  -> (artifact id: 'db3c33ccc262faaf3f0b6e02f5014339') in 0.007830 seconds 
Number of asset objects unloaded after import = 0
========================================================================
Received Import Request.
  Time since last request: 0.398249 seconds.
  path: Assets/FreeSportsKIt_SA/Textures/Cricket_Battextures
  artifactKey: Guid(775635df2dc9e244b98c3ed0094c9071) Importer(815301076,1909f56bfc062723c751e8b465ee728b)
Number of updated assets reloaded before import = 0
Start importing Assets/FreeSportsKIt_SA/Textures/Cricket_Battextures using Guid(775635df2dc9e244b98c3ed0094c9071) Importer(815301076,1909f56bfc062723c751e8b465ee728b)  -> (artifact id: '2d5b0c33b3f16a6992cead3ee1d88ea6') in 0.008098 seconds 
Number of asset objects unloaded after import = 0
========================================================================
Received Import Request.
  Time since last request: 30.316542 seconds.
  path: Assets/Physics Materials/FrictionlessSlope.physicMaterial
  artifactKey: Guid(ccd2087a0f0edc444995bd61cae66f1a) Importer(815301076,1909f56bfc062723c751e8b465ee728b)
Number of updated assets reloaded before import = 0
Start importing Assets/Physics Materials/FrictionlessSlope.physicMaterial using Guid(ccd2087a0f0edc444995bd61cae66f1a) Importer(815301076,1909f56bfc062723c751e8b465ee728b)  -> (artifact id: '173438eac2a87a5c5cfb5cddb5dcd4bf') in 0.008026 seconds 
Number of asset objects unloaded after import = 1
========================================================================
Received Import Request.
  Time since last request: 0.314982 seconds.
  path: Assets/Materials/indir 1.mat
  artifactKey: Guid(50c3cebded1a3884780ed34dfa362cff) Importer(815301076,1909f56bfc062723c751e8b465ee728b)
Number of updated assets reloaded before import = 0
Start importing Assets/Materials/indir 1.mat using Guid(50c3cebded1a3884780ed34dfa362cff) Importer(815301076,1909f56bfc062723c751e8b465ee728b)  -> (artifact id: '15c19d63ebe2013f2b8bd34fab15c135') in 0.012904 seconds 
Number of asset objects unloaded after import = 1
========================================================================
Received Import Request.
  Time since last request: 0.000019 seconds.
  path: Assets/Materials/New Material.mat
  artifactKey: Guid(12e6f49dba1695c48a7f3599917c2959) Importer(815301076,1909f56bfc062723c751e8b465ee728b)
Number of updated assets reloaded before import = 0
Start importing Assets/Materials/New Material.mat using Guid(12e6f49dba1695c48a7f3599917c2959) Importer(815301076,1909f56bfc062723c751e8b465ee728b)  -> (artifact id: '3613c12fae1355323710b3567efbbd90') in 0.013296 seconds 
Number of asset objects unloaded after import = 1
